[03:24:58] [Server thread/INFO]: Starting minecraft server version 1.11.2
[03:24:58] [Server thread/INFO]: Loading properties
[03:24:58] [Server thread/INFO]: Default game type: SURVIVAL
[03:24:58] [Server thread/INFO]: Generating keypair
[03:24:59] [Server thread/INFO]: Starting Minecraft server on *:25565
[03:24:59] [Server thread/INFO]: Using epoll channel type
[03:24:59] [Server thread/INFO]: Preparing level "world"
[03:24:59] [Server thread/INFO]: Preparing start region for level 0
[03:25:00] [Server thread/INFO]: Preparing spawn area: 0%
[03:25:02] [Server thread/INFO]: Preparing spawn area: 8%
[03:25:03] [Server thread/INFO]: Preparing spawn area: 83%
[03:25:03] [Server thread/INFO]: Done (3.792s)! For help, type "help" or "?"
[03:42:52] [User Authenticator #1/INFO]: UUID of player mobius1105 is 753c4408-39a9-4408-baf9-8d8f41edbc7b
[03:42:52] [Server thread/INFO]: mobius1105[/152.7.255.232:13059] logged in with entity id 174 at (-975.2752313155726, 120.72778820401467, -655.4168517636023)
[03:42:52] [Server thread/INFO]: mobius1105 joined the game
[03:42:56] [Server thread/WARN]: Can't keep up! Did the system time change, or is the server overloaded? Running 2419ms behind, skipping 48 tick(s)
[03:48:17] [Server thread/INFO]: mobius1105 lost connection: TextComponent{text='Disconnected', siblings=[], style=Style{hasParent=false, color=null, bold=null, italic=null, underlined=null, obfuscated=null, clickEvent=null, hoverEvent=null, insertion=null}}
[03:48:17] [Server thread/INFO]: mobius1105 left the game
[06:01:10] [Server Shutdown Thread/INFO]: Stopping server
[06:01:10] [Server Shutdown Thread/INFO]: Saving players
[06:01:10] [Server Shutdown Thread/INFO]: Saving worlds
[06:01:10] [Server Shutdown Thread/INFO]: Saving chunks for level 'world'/Overworld
